Exporter version: 5.6.4, Blender version: 2.79 (sub 0)
========= Conversion from Blender to Babylon.js =========
	Scene settings used :
		export scope        :  ALL
		inline textures     :  false
		Positions Precision :  4
		Normals Precision   :  3
		UVs Precision       :  3
		Vert Color Precision:  3
		Mat Weight Precision:  2
		texture directory   :  /Users/mac/Desktop/heroku-yushan-li/src/models/
	Python World class constructor completed
	processing begun of mesh:  house
		WARNING: Mixing of Cycles & Blender Render in same mesh not supported.  No materials exported.
		num positions      :  313
		num normals        :  313
		num uvs            :  0
		num uvs2           :  0
		num colors         :  0
		num indices        :  1866
	processing begun of camera (UniversalCamera):  Camera
	processing begun of light (POINT):  Lamp
========= Writing of scene file started =========
========= Writing of scene file completed =========
========= end of processing =========
elapsed time:  0 min, 0.056 secs
